# JRE version: Java(TM) SE Runtime Environment (8.0_202-b08) (build 1.8.0_202-b08)
# Java VM: Java HotSpot(TM) 64-Bit Server VM (25.202-b08 mixed mode linux-amd64 compressed oops)
Heap:
 PSYoungGen      total 611840K, used 85717K [0x0000000580100000, 0x00000005cac00000, 0x0000000800000000)
  eden space 524800K, 16% used [0x0000000580100000,0x00000005854b56c8,0x00000005a0180000)
  from space 87040K, 0% used [0x00000005a0180000,0x00000005a0180000,0x00000005a5680000)
  to   space 87040K, 0% used [0x00000005c5700000,0x00000005c5700000,0x00000005cac00000)
 ParOldGen       total 875008K, used 9481K [0x0000000080200000, 0x00000000b5880000, 0x0000000580100000)
  object space 875008K, 1% used [0x0000000080200000,0x0000000080b427e8,0x00000000b5880000)
 Metaspace       used 25248K, capacity 25510K, committed 25984K, reserved 1073152K
  class space    used 2960K, capacity 3073K, committed 3200K, reserved 1048576K
GC Heap History (4 events):
Event: 1.203 GC heap before
{Heap before GC invocations=1 (full 0):
 PSYoungGen      total 611840K, used 167983K [0x0000000580100000, 0x00000005aab80000, 0x0000000800000000)
  eden space 524800K, 32% used [0x0000000580100000,0x000000058a50bc90,0x00000005a0180000)
  from space 87040K, 0% used [0x00000005a5680000,0x00000005a5680000,0x00000005aab80000)
  to   space 87040K, 0% used [0x00000005a0180000,0x00000005a0180000,0x00000005a5680000)
 ParOldGen       total 1398272K, used 0K [0x0000000080200000, 0x00000000d5780000, 0x0000000580100000)
  object space 1398272K, 0% used [0x0000000080200000,0x0000000080200000,0x00000000d5780000)
 Metaspace       used 20955K, capacity 21152K, committed 21248K, reserved 1069056K
  class space    used 2468K, capacity 2558K, committed 2560K, reserved 1048576K
Event: 1.218 GC heap after
Heap after GC invocations=1 (full 0):
 PSYoungGen      total 611840K, used 10076K [0x0000000580100000, 0x00000005cac00000, 0x0000000800000000)
  eden space 524800K, 0% used [0x0000000580100000,0x0000000580100000,0x00000005a0180000)
  from space 87040K, 11% used [0x00000005a0180000,0x00000005a0b57160,0x00000005a5680000)
  to   space 87040K, 0% used [0x00000005c5700000,0x00000005c5700000,0x00000005cac00000)
 ParOldGen       total 1398272K, used 24K [0x0000000080200000, 0x00000000d5780000, 0x0000000580100000)
  object space 1398272K, 0% used [0x0000000080200000,0x0000000080206000,0x00000000d5780000)
 Metaspace       used 20955K, capacity 21152K, committed 21248K, reserved 1069056K
  class space    used 2468K, capacity 2558K, committed 2560K, reserved 1048576K
}
Event: 1.218 GC heap before
{Heap before GC invocations=2 (full 1):
 PSYoungGen      total 611840K, used 10076K [0x0000000580100000, 0x00000005cac00000, 0x0000000800000000)
  eden space 524800K, 0% used [0x0000000580100000,0x0000000580100000,0x00000005a0180000)
  from space 87040K, 11% used [0x00000005a0180000,0x00000005a0b57160,0x00000005a5680000)
  to   space 87040K, 0% used [0x00000005c5700000,0x00000005c5700000,0x00000005cac00000)
 ParOldGen       total 1398272K, used 24K [0x0000000080200000, 0x00000000d5780000, 0x0000000580100000)
  object space 1398272K, 0% used [0x0000000080200000,0x0000000080206000,0x00000000d5780000)
 Metaspace       used 20955K, capacity 21152K, committed 21248K, reserved 1069056K
  class space    used 2468K, capacity 2558K, committed 2560K, reserved 1048576K
Event: 1.244 GC heap after
Heap after GC invocations=2 (full 1):
 PSYoungGen      total 611840K, used 0K [0x0000000580100000, 0x00000005cac00000, 0x0000000800000000)
  eden space 524800K, 0% used [0x0000000580100000,0x0000000580100000,0x00000005a0180000)
  from space 87040K, 0% used [0x00000005a0180000,0x00000005a0180000,0x00000005a5680000)
  to   space 87040K, 0% used [0x00000005c5700000,0x00000005c5700000,0x00000005cac00000)
 ParOldGen       total 875008K, used 9481K [0x0000000080200000, 0x00000000b5880000, 0x0000000580100000)
  object space 875008K, 1% used [0x0000000080200000,0x0000000080b427e8,0x00000000b5880000)
 Metaspace       used 20955K, capacity 21152K, committed 21248K, reserved 1069056K
  class space    used 2468K, capacity 2558K, committed 2560K, reserved 1048576K
}

